2020-10-27T14:35:10+00:00 CRITICAL /var/www/html/wp-content/plugins/code-snippets/php/snippet-ops.php(446) : eval()'d code 中第 44 行的 Uncaught Error: Call to a member function get_cart() on null in /var/www/html/wp-content/plugins/code-snippets/php/snippet-ops.php(446) : eval()'d code:44
Stack trace:
#0 /var/www/html/wp-includes/class-wp-hook.php(287): add_product_to_cart()
#1 /var/www/html/wp-includes/class-wp-hook.php(311): WP_Hook->apply_filters()
#2 /var/www/html/wp-includes/plugin.php(478): WP_Hook->do_action()
#3 /var/www/html/wp-settings.php(546): do_action()
#4 /var/www/html/wp-config.php(95): require_once('/var/www/html/w...')
#5 /var/www/html/wp-load.php(37): require_once('/var/www/html/w...')
#6 /var/www/html/wp-blog-header.php(13): require_once('/var/www/html/w...')
#7 /var/www/html/index.php(17): require('/var/www/html/w...')
#8 {main}
  thrown

2020-10-27T14:35:10+00:00 CRITICAL /var/www/html/wp-content/plugins/code-snippets/php/snippet-ops.php(446) : eval()'d code 中第 44 行的 Uncaught Error: Call to a member function get_cart() on null in /var/www/html/wp-content/plugins/code-snippets/php/snippet-ops.php(446) : eval()'d code:44
Stack trace:
#0 /var/www/html/wp-includes/class-wp-hook.php(287): add_product_to_cart()
#1 /var/www/html/wp-includes/class-wp-hook.php(311): WP_Hook->apply_filters()
#2 /var/www/html/wp-includes/plugin.php(478): WP_Hook->do_action()
#3 /var/www/html/wp-settings.php(546): do_action()
#4 /var/www/html/wp-config.php(95): require_once('/var/www/html/w...')
#5 /var/www/html/wp-load.php(37): require_once('/var/www/html/w...')
#6 /var/www/html/wp-blog-header.php(13): require_once('/var/www/html/w...')
#7 /var/www/html/index.php(17): require('/var/www/html/w...')
#8 {main}
  thrown

