2020-10-30T00:01:34+00:00 CRITICAL /var/www/html/wp-content/plugins/code-snippets/php/snippet-ops.php(446) : eval()'d code 中第 44 行的 Uncaught Error: Call to a member function get_cart() on null in /var/www/html/wp-content/plugins/code-snippets/php/snippet-ops.php(446) : eval()'d code:44
Stack trace:
#0 /var/www/html/wp-includes/class-wp-hook.php(287): add_product_to_cart()
#1 /var/www/html/wp-includes/class-wp-hook.php(311): WP_Hook->apply_filters()
#2 /var/www/html/wp-includes/plugin.php(478): WP_Hook->do_action()
#3 /var/www/html/wp-settings.php(546): do_action()
#4 /var/www/html/wp-config.php(95): require_once('/var/www/html/w...')
#5 /var/www/html/wp-load.php(37): require_once('/var/www/html/w...')
#6 /var/www/html/wp-cron.php(44): require_once('/var/www/html/w...')
#7 {main}
  thrown

2020-10-30T00:04:16+00:00 CRITICAL /var/www/html/wp-content/plugins/code-snippets/php/snippet-ops.php(446) : eval()'d code 中第 44 行的 Uncaught Error: Call to a member function get_cart() on null in /var/www/html/wp-content/plugins/code-snippets/php/snippet-ops.php(446) : eval()'d code:44
Stack trace:
#0 /var/www/html/wp-includes/class-wp-hook.php(287): add_product_to_cart()
#1 /var/www/html/wp-includes/class-wp-hook.php(311): WP_Hook->apply_filters()
#2 /var/www/html/wp-includes/plugin.php(478): WP_Hook->do_action()
#3 /var/www/html/wp-settings.php(546): do_action()
#4 /var/www/html/wp-config.php(95): require_once('/var/www/html/w...')
#5 /var/www/html/wp-load.php(37): require_once('/var/www/html/w...')
#6 /var/www/html/wp-cron.php(44): require_once('/var/www/html/w...')
#7 {main}
  thrown

2020-10-30T00:09:48+00:00 CRITICAL /var/www/html/wp-content/plugins/code-snippets/php/snippet-ops.php(446) : eval()'d code 中第 44 行的 Uncaught Error: Call to a member function get_cart() on null in /var/www/html/wp-content/plugins/code-snippets/php/snippet-ops.php(446) : eval()'d code:44
Stack trace:
#0 /var/www/html/wp-includes/class-wp-hook.php(287): add_product_to_cart()
#1 /var/www/html/wp-includes/class-wp-hook.php(311): WP_Hook->apply_filters()
#2 /var/www/html/wp-includes/plugin.php(478): WP_Hook->do_action()
#3 /var/www/html/wp-settings.php(546): do_action()
#4 /var/www/html/wp-config.php(95): require_once('/var/www/html/w...')
#5 /var/www/html/wp-load.php(37): require_once('/var/www/html/w...')
#6 /var/www/html/wp-cron.php(44): require_once('/var/www/html/w...')
#7 {main}
  thrown

2020-10-30T00:12:07+00:00 CRITICAL /var/www/html/wp-content/plugins/code-snippets/php/snippet-ops.php(446) : eval()'d code 中第 44 行的 Uncaught Error: Call to a member function get_cart() on null in /var/www/html/wp-content/plugins/code-snippets/php/snippet-ops.php(446) : eval()'d code:44
Stack trace:
#0 /var/www/html/wp-includes/class-wp-hook.php(287): add_product_to_cart()
#1 /var/www/html/wp-includes/class-wp-hook.php(311): WP_Hook->apply_filters()
#2 /var/www/html/wp-includes/plugin.php(478): WP_Hook->do_action()
#3 /var/www/html/wp-settings.php(546): do_action()
#4 /var/www/html/wp-config.php(95): require_once('/var/www/html/w...')
#5 /var/www/html/wp-load.php(37): require_once('/var/www/html/w...')
#6 /var/www/html/wp-cron.php(44): require_once('/var/www/html/w...')
#7 {main}
  thrown

2020-10-30T00:27:07+00:00 CRITICAL /var/www/html/wp-content/plugins/code-snippets/php/snippet-ops.php(446) : eval()'d code 中第 44 行的 Uncaught Error: Call to a member function get_cart() on null in /var/www/html/wp-content/plugins/code-snippets/php/snippet-ops.php(446) : eval()'d code:44
Stack trace:
#0 /var/www/html/wp-includes/class-wp-hook.php(287): add_product_to_cart()
#1 /var/www/html/wp-includes/class-wp-hook.php(311): WP_Hook->apply_filters()
#2 /var/www/html/wp-includes/plugin.php(478): WP_Hook->do_action()
#3 /var/www/html/wp-settings.php(546): do_action()
#4 /var/www/html/wp-config.php(95): require_once('/var/www/html/w...')
#5 /var/www/html/wp-load.php(37): require_once('/var/www/html/w...')
#6 /var/www/html/wp-cron.php(44): require_once('/var/www/html/w...')
#7 {main}
  thrown

2020-10-30T00:28:08+00:00 CRITICAL /var/www/html/wp-content/plugins/code-snippets/php/snippet-ops.php(446) : eval()'d code 中第 44 行的 Uncaught Error: Call to a member function get_cart() on null in /var/www/html/wp-content/plugins/code-snippets/php/snippet-ops.php(446) : eval()'d code:44
Stack trace:
#0 /var/www/html/wp-includes/class-wp-hook.php(287): add_product_to_cart()
#1 /var/www/html/wp-includes/class-wp-hook.php(311): WP_Hook->apply_filters()
#2 /var/www/html/wp-includes/plugin.php(478): WP_Hook->do_action()
#3 /var/www/html/wp-settings.php(546): do_action()
#4 /var/www/html/wp-config.php(95): require_once('/var/www/html/w...')
#5 /var/www/html/wp-load.php(37): require_once('/var/www/html/w...')
#6 /var/www/html/wp-cron.php(44): require_once('/var/www/html/w...')
#7 {main}
  thrown

2020-10-30T00:31:56+00:00 CRITICAL /var/www/html/wp-content/plugins/code-snippets/php/snippet-ops.php(446) : eval()'d code 中第 44 行的 Uncaught Error: Call to a member function get_cart() on null in /var/www/html/wp-content/plugins/code-snippets/php/snippet-ops.php(446) : eval()'d code:44
Stack trace:
#0 /var/www/html/wp-includes/class-wp-hook.php(287): add_product_to_cart()
#1 /var/www/html/wp-includes/class-wp-hook.php(311): WP_Hook->apply_filters()
#2 /var/www/html/wp-includes/plugin.php(478): WP_Hook->do_action()
#3 /var/www/html/wp-settings.php(546): do_action()
#4 /var/www/html/wp-config.php(95): require_once('/var/www/html/w...')
#5 /var/www/html/wp-load.php(37): require_once('/var/www/html/w...')
#6 /var/www/html/wp-cron.php(44): require_once('/var/www/html/w...')
#7 {main}
  thrown

2020-10-30T00:33:49+00:00 CRITICAL /var/www/html/wp-content/plugins/code-snippets/php/snippet-ops.php(446) : eval()'d code 中第 44 行的 Uncaught Error: Call to a member function get_cart() on null in /var/www/html/wp-content/plugins/code-snippets/php/snippet-ops.php(446) : eval()'d code:44
Stack trace:
#0 /var/www/html/wp-includes/class-wp-hook.php(287): add_product_to_cart()
#1 /var/www/html/wp-includes/class-wp-hook.php(311): WP_Hook->apply_filters()
#2 /var/www/html/wp-includes/plugin.php(478): WP_Hook->do_action()
#3 /var/www/html/wp-settings.php(546): do_action()
#4 /var/www/html/wp-config.php(95): require_once('/var/www/html/w...')
#5 /var/www/html/wp-load.php(37): require_once('/var/www/html/w...')
#6 /var/www/html/wp-cron.php(44): require_once('/var/www/html/w...')
#7 {main}
  thrown

2020-10-30T00:48:13+00:00 CRITICAL /var/www/html/wp-content/plugins/code-snippets/php/snippet-ops.php(446) : eval()'d code 中第 44 行的 Uncaught Error: Call to a member function get_cart() on null in /var/www/html/wp-content/plugins/code-snippets/php/snippet-ops.php(446) : eval()'d code:44
Stack trace:
#0 /var/www/html/wp-includes/class-wp-hook.php(287): add_product_to_cart()
#1 /var/www/html/wp-includes/class-wp-hook.php(311): WP_Hook->apply_filters()
#2 /var/www/html/wp-includes/plugin.php(478): WP_Hook->do_action()
#3 /var/www/html/wp-settings.php(546): do_action()
#4 /var/www/html/wp-config.php(95): require_once('/var/www/html/w...')
#5 /var/www/html/wp-load.php(37): require_once('/var/www/html/w...')
#6 /var/www/html/wp-cron.php(44): require_once('/var/www/html/w...')
#7 {main}
  thrown

2020-10-30T00:53:53+00:00 CRITICAL /var/www/html/wp-content/plugins/code-snippets/php/snippet-ops.php(446) : eval()'d code 中第 44 行的 Uncaught Error: Call to a member function get_cart() on null in /var/www/html/wp-content/plugins/code-snippets/php/snippet-ops.php(446) : eval()'d code:44
Stack trace:
#0 /var/www/html/wp-includes/class-wp-hook.php(287): add_product_to_cart()
#1 /var/www/html/wp-includes/class-wp-hook.php(311): WP_Hook->apply_filters()
#2 /var/www/html/wp-includes/plugin.php(478): WP_Hook->do_action()
#3 /var/www/html/wp-settings.php(546): do_action()
#4 /var/www/html/wp-config.php(95): require_once('/var/www/html/w...')
#5 /var/www/html/wp-load.php(37): require_once('/var/www/html/w...')
#6 /var/www/html/wp-cron.php(44): require_once('/var/www/html/w...')
#7 {main}
  thrown

2020-10-30T00:54:54+00:00 CRITICAL /var/www/html/wp-content/plugins/code-snippets/php/snippet-ops.php(446) : eval()'d code 中第 44 行的 Uncaught Error: Call to a member function get_cart() on null in /var/www/html/wp-content/plugins/code-snippets/php/snippet-ops.php(446) : eval()'d code:44
Stack trace:
#0 /var/www/html/wp-includes/class-wp-hook.php(287): add_product_to_cart()
#1 /var/www/html/wp-includes/class-wp-hook.php(311): WP_Hook->apply_filters()
#2 /var/www/html/wp-includes/plugin.php(478): WP_Hook->do_action()
#3 /var/www/html/wp-settings.php(546): do_action()
#4 /var/www/html/wp-config.php(95): require_once('/var/www/html/w...')
#5 /var/www/html/wp-load.php(37): require_once('/var/www/html/w...')
#6 /var/www/html/wp-cron.php(44): require_once('/var/www/html/w...')
#7 {main}
  thrown

2020-10-30T00:56:00+00:00 CRITICAL /var/www/html/wp-content/plugins/code-snippets/php/snippet-ops.php(446) : eval()'d code 中第 44 行的 Uncaught Error: Call to a member function get_cart() on null in /var/www/html/wp-content/plugins/code-snippets/php/snippet-ops.php(446) : eval()'d code:44
Stack trace:
#0 /var/www/html/wp-includes/class-wp-hook.php(287): add_product_to_cart()
#1 /var/www/html/wp-includes/class-wp-hook.php(311): WP_Hook->apply_filters()
#2 /var/www/html/wp-includes/plugin.php(478): WP_Hook->do_action()
#3 /var/www/html/wp-settings.php(546): do_action()
#4 /var/www/html/wp-config.php(95): require_once('/var/www/html/w...')
#5 /var/www/html/wp-load.php(37): require_once('/var/www/html/w...')
#6 /var/www/html/wp-cron.php(44): require_once('/var/www/html/w...')
#7 {main}
  thrown

2020-10-30T01:09:09+00:00 CRITICAL /var/www/html/wp-content/plugins/code-snippets/php/snippet-ops.php(446) : eval()'d code 中第 44 行的 Uncaught Error: Call to a member function get_cart() on null in /var/www/html/wp-content/plugins/code-snippets/php/snippet-ops.php(446) : eval()'d code:44
Stack trace:
#0 /var/www/html/wp-includes/class-wp-hook.php(287): add_product_to_cart()
#1 /var/www/html/wp-includes/class-wp-hook.php(311): WP_Hook->apply_filters()
#2 /var/www/html/wp-includes/plugin.php(478): WP_Hook->do_action()
#3 /var/www/html/wp-settings.php(546): do_action()
#4 /var/www/html/wp-config.php(95): require_once('/var/www/html/w...')
#5 /var/www/html/wp-load.php(37): require_once('/var/www/html/w...')
#6 /var/www/html/wp-cron.php(44): require_once('/var/www/html/w...')
#7 {main}
  thrown

2020-10-30T01:10:10+00:00 CRITICAL /var/www/html/wp-content/plugins/code-snippets/php/snippet-ops.php(446) : eval()'d code 中第 44 行的 Uncaught Error: Call to a member function get_cart() on null in /var/www/html/wp-content/plugins/code-snippets/php/snippet-ops.php(446) : eval()'d code:44
Stack trace:
#0 /var/www/html/wp-includes/class-wp-hook.php(287): add_product_to_cart()
#1 /var/www/html/wp-includes/class-wp-hook.php(311): WP_Hook->apply_filters()
#2 /var/www/html/wp-includes/plugin.php(478): WP_Hook->do_action()
#3 /var/www/html/wp-settings.php(546): do_action()
#4 /var/www/html/wp-config.php(95): require_once('/var/www/html/w...')
#5 /var/www/html/wp-load.php(37): require_once('/var/www/html/w...')
#6 /var/www/html/wp-cron.php(44): require_once('/var/www/html/w...')
#7 {main}
  thrown

2020-10-30T01:11:35+00:00 CRITICAL /var/www/html/wp-content/plugins/code-snippets/php/snippet-ops.php(446) : eval()'d code 中第 44 行的 Uncaught Error: Call to a member function get_cart() on null in /var/www/html/wp-content/plugins/code-snippets/php/snippet-ops.php(446) : eval()'d code:44
Stack trace:
#0 /var/www/html/wp-includes/class-wp-hook.php(287): add_product_to_cart()
#1 /var/www/html/wp-includes/class-wp-hook.php(311): WP_Hook->apply_filters()
#2 /var/www/html/wp-includes/plugin.php(478): WP_Hook->do_action()
#3 /var/www/html/wp-settings.php(546): do_action()
#4 /var/www/html/wp-config.php(95): require_once('/var/www/html/w...')
#5 /var/www/html/wp-load.php(37): require_once('/var/www/html/w...')
#6 /var/www/html/wp-cron.php(44): require_once('/var/www/html/w...')
#7 {main}
  thrown

2020-10-30T01:18:56+00:00 CRITICAL /var/www/html/wp-content/plugins/code-snippets/php/snippet-ops.php(446) : eval()'d code 中第 44 行的 Uncaught Error: Call to a member function get_cart() on null in /var/www/html/wp-content/plugins/code-snippets/php/snippet-ops.php(446) : eval()'d code:44
Stack trace:
#0 /var/www/html/wp-includes/class-wp-hook.php(287): add_product_to_cart()
#1 /var/www/html/wp-includes/class-wp-hook.php(311): WP_Hook->apply_filters()
#2 /var/www/html/wp-includes/plugin.php(478): WP_Hook->do_action()
#3 /var/www/html/wp-settings.php(546): do_action()
#4 /var/www/html/wp-config.php(95): require_once('/var/www/html/w...')
#5 /var/www/html/wp-load.php(37): require_once('/var/www/html/w...')
#6 /var/www/html/wp-cron.php(44): require_once('/var/www/html/w...')
#7 {main}
  thrown

2020-10-30T01:20:05+00:00 CRITICAL /var/www/html/wp-content/plugins/code-snippets/php/snippet-ops.php(446) : eval()'d code 中第 44 行的 Uncaught Error: Call to a member function get_cart() on null in /var/www/html/wp-content/plugins/code-snippets/php/snippet-ops.php(446) : eval()'d code:44
Stack trace:
#0 /var/www/html/wp-includes/class-wp-hook.php(287): add_product_to_cart()
#1 /var/www/html/wp-includes/class-wp-hook.php(311): WP_Hook->apply_filters()
#2 /var/www/html/wp-includes/plugin.php(478): WP_Hook->do_action()
#3 /var/www/html/wp-settings.php(546): do_action()
#4 /var/www/html/wp-config.php(95): require_once('/var/www/html/w...')
#5 /var/www/html/wp-load.php(37): require_once('/var/www/html/w...')
#6 /var/www/html/wp-cron.php(44): require_once('/var/www/html/w...')
#7 {main}
  thrown

2020-10-30T01:27:17+00:00 CRITICAL /var/www/html/wp-content/plugins/code-snippets/php/snippet-ops.php(446) : eval()'d code 中第 44 行的 Uncaught Error: Call to a member function get_cart() on null in /var/www/html/wp-content/plugins/code-snippets/php/snippet-ops.php(446) : eval()'d code:44
Stack trace:
#0 /var/www/html/wp-includes/class-wp-hook.php(287): add_product_to_cart()
#1 /var/www/html/wp-includes/class-wp-hook.php(311): WP_Hook->apply_filters()
#2 /var/www/html/wp-includes/plugin.php(478): WP_Hook->do_action()
#3 /var/www/html/wp-settings.php(546): do_action()
#4 /var/www/html/wp-config.php(95): require_once('/var/www/html/w...')
#5 /var/www/html/wp-load.php(37): require_once('/var/www/html/w...')
#6 /var/www/html/wp-cron.php(44): require_once('/var/www/html/w...')
#7 {main}
  thrown

2020-10-30T01:35:00+00:00 CRITICAL /var/www/html/wp-content/plugins/code-snippets/php/snippet-ops.php(446) : eval()'d code 中第 44 行的 Uncaught Error: Call to a member function get_cart() on null in /var/www/html/wp-content/plugins/code-snippets/php/snippet-ops.php(446) : eval()'d code:44
Stack trace:
#0 /var/www/html/wp-includes/class-wp-hook.php(287): add_product_to_cart()
#1 /var/www/html/wp-includes/class-wp-hook.php(311): WP_Hook->apply_filters()
#2 /var/www/html/wp-includes/plugin.php(478): WP_Hook->do_action()
#3 /var/www/html/wp-settings.php(546): do_action()
#4 /var/www/html/wp-config.php(95): require_once('/var/www/html/w...')
#5 /var/www/html/wp-load.php(37): require_once('/var/www/html/w...')
#6 /var/www/html/wp-cron.php(44): require_once('/var/www/html/w...')
#7 {main}
  thrown

2020-10-30T01:36:09+00:00 CRITICAL /var/www/html/wp-content/plugins/code-snippets/php/snippet-ops.php(446) : eval()'d code 中第 44 行的 Uncaught Error: Call to a member function get_cart() on null in /var/www/html/wp-content/plugins/code-snippets/php/snippet-ops.php(446) : eval()'d code:44
Stack trace:
#0 /var/www/html/wp-includes/class-wp-hook.php(287): add_product_to_cart()
#1 /var/www/html/wp-includes/class-wp-hook.php(311): WP_Hook->apply_filters()
#2 /var/www/html/wp-includes/plugin.php(478): WP_Hook->do_action()
#3 /var/www/html/wp-settings.php(546): do_action()
#4 /var/www/html/wp-config.php(95): require_once('/var/www/html/w...')
#5 /var/www/html/wp-load.php(37): require_once('/var/www/html/w...')
#6 /var/www/html/wp-cron.php(44): require_once('/var/www/html/w...')
#7 {main}
  thrown

2020-10-30T01:36:09+00:00 CRITICAL /var/www/html/wp-content/plugins/code-snippets/php/snippet-ops.php(446) : eval()'d code 中第 44 行的 Uncaught Error: Call to a member function get_cart() on null in /var/www/html/wp-content/plugins/code-snippets/php/snippet-ops.php(446) : eval()'d code:44
Stack trace:
#0 /var/www/html/wp-includes/class-wp-hook.php(287): add_product_to_cart()
#1 /var/www/html/wp-includes/class-wp-hook.php(311): WP_Hook->apply_filters()
#2 /var/www/html/wp-includes/plugin.php(478): WP_Hook->do_action()
#3 /var/www/html/wp-settings.php(546): do_action()
#4 /var/www/html/wp-config.php(95): require_once('/var/www/html/w...')
#5 /var/www/html/wp-load.php(37): require_once('/var/www/html/w...')
#6 /var/www/html/wp-cron.php(44): require_once('/var/www/html/w...')
#7 {main}
  thrown

2020-10-30T01:43:30+00:00 CRITICAL /var/www/html/wp-content/plugins/code-snippets/php/snippet-ops.php(446) : eval()'d code 中第 44 行的 Uncaught Error: Call to a member function get_cart() on null in /var/www/html/wp-content/plugins/code-snippets/php/snippet-ops.php(446) : eval()'d code:44
Stack trace:
#0 /var/www/html/wp-includes/class-wp-hook.php(287): add_product_to_cart()
#1 /var/www/html/wp-includes/class-wp-hook.php(311): WP_Hook->apply_filters()
#2 /var/www/html/wp-includes/plugin.php(478): WP_Hook->do_action()
#3 /var/www/html/wp-settings.php(546): do_action()
#4 /var/www/html/wp-config.php(95): require_once('/var/www/html/w...')
#5 /var/www/html/wp-load.php(37): require_once('/var/www/html/w...')
#6 /var/www/html/wp-cron.php(44): require_once('/var/www/html/w...')
#7 {main}
  thrown

2020-10-30T01:49:30+00:00 CRITICAL /var/www/html/wp-content/plugins/code-snippets/php/snippet-ops.php(446) : eval()'d code 中第 44 行的 Uncaught Error: Call to a member function get_cart() on null in /var/www/html/wp-content/plugins/code-snippets/php/snippet-ops.php(446) : eval()'d code:44
Stack trace:
#0 /var/www/html/wp-includes/class-wp-hook.php(287): add_product_to_cart()
#1 /var/www/html/wp-includes/class-wp-hook.php(311): WP_Hook->apply_filters()
#2 /var/www/html/wp-includes/plugin.php(478): WP_Hook->do_action()
#3 /var/www/html/wp-settings.php(546): do_action()
#4 /var/www/html/wp-config.php(95): require_once('/var/www/html/w...')
#5 /var/www/html/wp-load.php(37): require_once('/var/www/html/w...')
#6 /var/www/html/wp-cron.php(44): require_once('/var/www/html/w...')
#7 {main}
  thrown

2020-10-30T01:51:30+00:00 CRITICAL /var/www/html/wp-content/plugins/code-snippets/php/snippet-ops.php(446) : eval()'d code 中第 44 行的 Uncaught Error: Call to a member function get_cart() on null in /var/www/html/wp-content/plugins/code-snippets/php/snippet-ops.php(446) : eval()'d code:44
Stack trace:
#0 /var/www/html/wp-includes/class-wp-hook.php(287): add_product_to_cart()
#1 /var/www/html/wp-includes/class-wp-hook.php(311): WP_Hook->apply_filters()
#2 /var/www/html/wp-includes/plugin.php(478): WP_Hook->do_action()
#3 /var/www/html/wp-settings.php(546): do_action()
#4 /var/www/html/wp-config.php(95): require_once('/var/www/html/w...')
#5 /var/www/html/wp-load.php(37): require_once('/var/www/html/w...')
#6 /var/www/html/wp-cron.php(44): require_once('/var/www/html/w...')
#7 {main}
  thrown

2020-10-30T01:52:40+00:00 CRITICAL /var/www/html/wp-content/plugins/code-snippets/php/snippet-ops.php(446) : eval()'d code 中第 44 行的 Uncaught Error: Call to a member function get_cart() on null in /var/www/html/wp-content/plugins/code-snippets/php/snippet-ops.php(446) : eval()'d code:44
Stack trace:
#0 /var/www/html/wp-includes/class-wp-hook.php(287): add_product_to_cart()
#1 /var/www/html/wp-includes/class-wp-hook.php(311): WP_Hook->apply_filters()
#2 /var/www/html/wp-includes/plugin.php(478): WP_Hook->do_action()
#3 /var/www/html/wp-settings.php(546): do_action()
#4 /var/www/html/wp-config.php(95): require_once('/var/www/html/w...')
#5 /var/www/html/wp-load.php(37): require_once('/var/www/html/w...')
#6 /var/www/html/wp-cron.php(44): require_once('/var/www/html/w...')
#7 {main}
  thrown

2020-10-30T01:53:40+00:00 CRITICAL /var/www/html/wp-content/plugins/code-snippets/php/snippet-ops.php(446) : eval()'d code 中第 44 行的 Uncaught Error: Call to a member function get_cart() on null in /var/www/html/wp-content/plugins/code-snippets/php/snippet-ops.php(446) : eval()'d code:44
Stack trace:
#0 /var/www/html/wp-includes/class-wp-hook.php(287): add_product_to_cart()
#1 /var/www/html/wp-includes/class-wp-hook.php(311): WP_Hook->apply_filters()
#2 /var/www/html/wp-includes/plugin.php(478): WP_Hook->do_action()
#3 /var/www/html/wp-settings.php(546): do_action()
#4 /var/www/html/wp-config.php(95): require_once('/var/www/html/w...')
#5 /var/www/html/wp-load.php(37): require_once('/var/www/html/w...')
#6 /var/www/html/wp-cron.php(44): require_once('/var/www/html/w...')
#7 {main}
  thrown

2020-10-30T01:55:14+00:00 CRITICAL /var/www/html/wp-content/plugins/code-snippets/php/snippet-ops.php(446) : eval()'d code 中第 44 行的 Uncaught Error: Call to a member function get_cart() on null in /var/www/html/wp-content/plugins/code-snippets/php/snippet-ops.php(446) : eval()'d code:44
Stack trace:
#0 /var/www/html/wp-includes/class-wp-hook.php(287): add_product_to_cart()
#1 /var/www/html/wp-includes/class-wp-hook.php(311): WP_Hook->apply_filters()
#2 /var/www/html/wp-includes/plugin.php(478): WP_Hook->do_action()
#3 /var/www/html/wp-settings.php(546): do_action()
#4 /var/www/html/wp-config.php(95): require_once('/var/www/html/w...')
#5 /var/www/html/wp-load.php(37): require_once('/var/www/html/w...')
#6 /var/www/html/wp-cron.php(44): require_once('/var/www/html/w...')
#7 {main}
  thrown

2020-10-30T01:56:17+00:00 CRITICAL /var/www/html/wp-content/plugins/code-snippets/php/snippet-ops.php(446) : eval()'d code 中第 44 行的 Uncaught Error: Call to a member function get_cart() on null in /var/www/html/wp-content/plugins/code-snippets/php/snippet-ops.php(446) : eval()'d code:44
Stack trace:
#0 /var/www/html/wp-includes/class-wp-hook.php(287): add_product_to_cart()
#1 /var/www/html/wp-includes/class-wp-hook.php(311): WP_Hook->apply_filters()
#2 /var/www/html/wp-includes/plugin.php(478): WP_Hook->do_action()
#3 /var/www/html/wp-settings.php(546): do_action()
#4 /var/www/html/wp-config.php(95): require_once('/var/www/html/w...')
#5 /var/www/html/wp-load.php(37): require_once('/var/www/html/w...')
#6 /var/www/html/wp-cron.php(44): require_once('/var/www/html/w...')
#7 {main}
  thrown

2020-10-30T01:57:24+00:00 CRITICAL /var/www/html/wp-content/plugins/code-snippets/php/snippet-ops.php(446) : eval()'d code 中第 44 行的 Uncaught Error: Call to a member function get_cart() on null in /var/www/html/wp-content/plugins/code-snippets/php/snippet-ops.php(446) : eval()'d code:44
Stack trace:
#0 /var/www/html/wp-includes/class-wp-hook.php(287): add_product_to_cart()
#1 /var/www/html/wp-includes/class-wp-hook.php(311): WP_Hook->apply_filters()
#2 /var/www/html/wp-includes/plugin.php(478): WP_Hook->do_action()
#3 /var/www/html/wp-settings.php(546): do_action()
#4 /var/www/html/wp-config.php(95): require_once('/var/www/html/w...')
#5 /var/www/html/wp-load.php(37): require_once('/var/www/html/w...')
#6 /var/www/html/wp-cron.php(44): require_once('/var/www/html/w...')
#7 {main}
  thrown

2020-10-30T01:58:28+00:00 CRITICAL /var/www/html/wp-content/plugins/code-snippets/php/snippet-ops.php(446) : eval()'d code 中第 44 行的 Uncaught Error: Call to a member function get_cart() on null in /var/www/html/wp-content/plugins/code-snippets/php/snippet-ops.php(446) : eval()'d code:44
Stack trace:
#0 /var/www/html/wp-includes/class-wp-hook.php(287): add_product_to_cart()
#1 /var/www/html/wp-includes/class-wp-hook.php(311): WP_Hook->apply_filters()
#2 /var/www/html/wp-includes/plugin.php(478): WP_Hook->do_action()
#3 /var/www/html/wp-settings.php(546): do_action()
#4 /var/www/html/wp-config.php(95): require_once('/var/www/html/w...')
#5 /var/www/html/wp-load.php(37): require_once('/var/www/html/w...')
#6 /var/www/html/wp-cron.php(44): require_once('/var/www/html/w...')
#7 {main}
  thrown

2020-10-30T01:59:32+00:00 CRITICAL /var/www/html/wp-content/plugins/code-snippets/php/snippet-ops.php(446) : eval()'d code 中第 44 行的 Uncaught Error: Call to a member function get_cart() on null in /var/www/html/wp-content/plugins/code-snippets/php/snippet-ops.php(446) : eval()'d code:44
Stack trace:
#0 /var/www/html/wp-includes/class-wp-hook.php(287): add_product_to_cart()
#1 /var/www/html/wp-includes/class-wp-hook.php(311): WP_Hook->apply_filters()
#2 /var/www/html/wp-includes/plugin.php(478): WP_Hook->do_action()
#3 /var/www/html/wp-settings.php(546): do_action()
#4 /var/www/html/wp-config.php(95): require_once('/var/www/html/w...')
#5 /var/www/html/wp-load.php(37): require_once('/var/www/html/w...')
#6 /var/www/html/wp-cron.php(44): require_once('/var/www/html/w...')
#7 {main}
  thrown

2020-10-30T01:59:32+00:00 CRITICAL /var/www/html/wp-content/plugins/code-snippets/php/snippet-ops.php(446) : eval()'d code 中第 44 行的 Uncaught Error: Call to a member function get_cart() on null in /var/www/html/wp-content/plugins/code-snippets/php/snippet-ops.php(446) : eval()'d code:44
Stack trace:
#0 /var/www/html/wp-includes/class-wp-hook.php(287): add_product_to_cart()
#1 /var/www/html/wp-includes/class-wp-hook.php(311): WP_Hook->apply_filters()
#2 /var/www/html/wp-includes/plugin.php(478): WP_Hook->do_action()
#3 /var/www/html/wp-settings.php(546): do_action()
#4 /var/www/html/wp-config.php(95): require_once('/var/www/html/w...')
#5 /var/www/html/wp-load.php(37): require_once('/var/www/html/w...')
#6 /var/www/html/wp-cron.php(44): require_once('/var/www/html/w...')
#7 {main}
  thrown

2020-10-30T02:00:33+00:00 CRITICAL /var/www/html/wp-content/plugins/code-snippets/php/snippet-ops.php(446) : eval()'d code 中第 44 行的 Uncaught Error: Call to a member function get_cart() on null in /var/www/html/wp-content/plugins/code-snippets/php/snippet-ops.php(446) : eval()'d code:44
Stack trace:
#0 /var/www/html/wp-includes/class-wp-hook.php(287): add_product_to_cart()
#1 /var/www/html/wp-includes/class-wp-hook.php(311): WP_Hook->apply_filters()
#2 /var/www/html/wp-includes/plugin.php(478): WP_Hook->do_action()
#3 /var/www/html/wp-settings.php(546): do_action()
#4 /var/www/html/wp-config.php(95): require_once('/var/www/html/w...')
#5 /var/www/html/wp-load.php(37): require_once('/var/www/html/w...')
#6 /var/www/html/wp-cron.php(44): require_once('/var/www/html/w...')
#7 {main}
  thrown

2020-10-30T02:01:43+00:00 CRITICAL /var/www/html/wp-content/plugins/code-snippets/php/snippet-ops.php(446) : eval()'d code 中第 44 行的 Uncaught Error: Call to a member function get_cart() on null in /var/www/html/wp-content/plugins/code-snippets/php/snippet-ops.php(446) : eval()'d code:44
Stack trace:
#0 /var/www/html/wp-includes/class-wp-hook.php(287): add_product_to_cart()
#1 /var/www/html/wp-includes/class-wp-hook.php(311): WP_Hook->apply_filters()
#2 /var/www/html/wp-includes/plugin.php(478): WP_Hook->do_action()
#3 /var/www/html/wp-settings.php(546): do_action()
#4 /var/www/html/wp-config.php(95): require_once('/var/www/html/w...')
#5 /var/www/html/wp-load.php(37): require_once('/var/www/html/w...')
#6 /var/www/html/wp-cron.php(44): require_once('/var/www/html/w...')
#7 {main}
  thrown

2020-10-30T02:02:43+00:00 CRITICAL /var/www/html/wp-content/plugins/code-snippets/php/snippet-ops.php(446) : eval()'d code 中第 44 行的 Uncaught Error: Call to a member function get_cart() on null in /var/www/html/wp-content/plugins/code-snippets/php/snippet-ops.php(446) : eval()'d code:44
Stack trace:
#0 /var/www/html/wp-includes/class-wp-hook.php(287): add_product_to_cart()
#1 /var/www/html/wp-includes/class-wp-hook.php(311): WP_Hook->apply_filters()
#2 /var/www/html/wp-includes/plugin.php(478): WP_Hook->do_action()
#3 /var/www/html/wp-settings.php(546): do_action()
#4 /var/www/html/wp-config.php(95): require_once('/var/www/html/w...')
#5 /var/www/html/wp-load.php(37): require_once('/var/www/html/w...')
#6 /var/www/html/wp-cron.php(44): require_once('/var/www/html/w...')
#7 {main}
  thrown

2020-10-30T02:02:43+00:00 CRITICAL /var/www/html/wp-content/plugins/code-snippets/php/snippet-ops.php(446) : eval()'d code 中第 44 行的 Uncaught Error: Call to a member function get_cart() on null in /var/www/html/wp-content/plugins/code-snippets/php/snippet-ops.php(446) : eval()'d code:44
Stack trace:
#0 /var/www/html/wp-includes/class-wp-hook.php(287): add_product_to_cart()
#1 /var/www/html/wp-includes/class-wp-hook.php(311): WP_Hook->apply_filters()
#2 /var/www/html/wp-includes/plugin.php(478): WP_Hook->do_action()
#3 /var/www/html/wp-settings.php(546): do_action()
#4 /var/www/html/wp-config.php(95): require_once('/var/www/html/w...')
#5 /var/www/html/wp-load.php(37): require_once('/var/www/html/w...')
#6 /var/www/html/wp-cron.php(44): require_once('/var/www/html/w...')
#7 {main}
  thrown

2020-10-30T02:03:52+00:00 CRITICAL /var/www/html/wp-content/plugins/code-snippets/php/snippet-ops.php(446) : eval()'d code 中第 44 行的 Uncaught Error: Call to a member function get_cart() on null in /var/www/html/wp-content/plugins/code-snippets/php/snippet-ops.php(446) : eval()'d code:44
Stack trace:
#0 /var/www/html/wp-includes/class-wp-hook.php(287): add_product_to_cart()
#1 /var/www/html/wp-includes/class-wp-hook.php(311): WP_Hook->apply_filters()
#2 /var/www/html/wp-includes/plugin.php(478): WP_Hook->do_action()
#3 /var/www/html/wp-settings.php(546): do_action()
#4 /var/www/html/wp-config.php(95): require_once('/var/www/html/w...')
#5 /var/www/html/wp-load.php(37): require_once('/var/www/html/w...')
#6 /var/www/html/wp-cron.php(44): require_once('/var/www/html/w...')
#7 {main}
  thrown

2020-10-30T02:05:33+00:00 CRITICAL /var/www/html/wp-content/plugins/code-snippets/php/snippet-ops.php(446) : eval()'d code 中第 44 行的 Uncaught Error: Call to a member function get_cart() on null in /var/www/html/wp-content/plugins/code-snippets/php/snippet-ops.php(446) : eval()'d code:44
Stack trace:
#0 /var/www/html/wp-includes/class-wp-hook.php(287): add_product_to_cart()
#1 /var/www/html/wp-includes/class-wp-hook.php(311): WP_Hook->apply_filters()
#2 /var/www/html/wp-includes/plugin.php(478): WP_Hook->do_action()
#3 /var/www/html/wp-settings.php(546): do_action()
#4 /var/www/html/wp-config.php(95): require_once('/var/www/html/w...')
#5 /var/www/html/wp-load.php(37): require_once('/var/www/html/w...')
#6 /var/www/html/wp-cron.php(44): require_once('/var/www/html/w...')
#7 {main}
  thrown

