2020-10-09T14:53:23+00:00 CRITICAL /var/www/html/wp-content/themes/xpo/framework/modules/blog/templates/lists/post-formats/standard.php 中第 18 行的 Uncaught Error: Call to undefined function xpo_edge_get_social_share_html() in /var/www/html/wp-content/themes/xpo/framework/modules/blog/templates/lists/post-formats/standard.php:18
Stack trace:
#0 /var/www/html/wp-content/themes/xpo/framework/lib/edgt.functions.php(894): include()
#1 /var/www/html/wp-content/themes/xpo/framework/lib/edgt.functions.php(913): xpo_edge_get_template_part('framework/modul...', 'standard', Array)
#2 /var/www/html/wp-content/themes/xpo/framework/modules/blog/blog-functions.php(136): xpo_edge_get_module_template_part('templates/lists...', 'blog', 'standard', Array)
#3 /var/www/html/wp-content/themes/xpo/framework/modules/blog/templates/lists/standard.php(4): xpo_edge_get_post_format_html('standard')
#4 /var/www/html/wp-content/themes/xpo/framework/lib/edgt.functions.php(894): include('/var/www/html/w...')
#5 /var/www/html/wp-content/themes/xpo/framework/lib/edgt.functions.php(913): xpo_edge_get_template_part('framework/modul...', '', Array)
#6 /var/www/html/wp-content/themes/xpo/fr

2020-10-09T15:01:08+00:00 CRITICAL /var/www/html/wp-content/themes/xpo/framework/modules/blog/templates/lists/post-formats/standard.php 中第 18 行的 Uncaught Error: Call to undefined function xpo_edge_get_social_share_html() in /var/www/html/wp-content/themes/xpo/framework/modules/blog/templates/lists/post-formats/standard.php:18
Stack trace:
#0 /var/www/html/wp-content/themes/xpo/framework/lib/edgt.functions.php(894): include()
#1 /var/www/html/wp-content/themes/xpo/framework/lib/edgt.functions.php(913): xpo_edge_get_template_part('framework/modul...', 'standard', Array)
#2 /var/www/html/wp-content/themes/xpo/framework/modules/blog/blog-functions.php(136): xpo_edge_get_module_template_part('templates/lists...', 'blog', 'standard', Array)
#3 /var/www/html/wp-content/themes/xpo/framework/modules/blog/templates/lists/standard.php(4): xpo_edge_get_post_format_html('standard')
#4 /var/www/html/wp-content/themes/xpo/framework/lib/edgt.functions.php(894): include('/var/www/html/w...')
#5 /var/www/html/wp-content/themes/xpo/framework/lib/edgt.functions.php(913): xpo_edge_get_template_part('framework/modul...', '', Array)
#6 /var/www/html/wp-content/themes/xpo/fr

2020-10-09T15:01:40+00:00 CRITICAL /var/www/html/wp-content/themes/xpo/framework/modules/blog/templates/lists/post-formats/standard.php 中第 18 行的 Uncaught Error: Call to undefined function xpo_edge_get_social_share_html() in /var/www/html/wp-content/themes/xpo/framework/modules/blog/templates/lists/post-formats/standard.php:18
Stack trace:
#0 /var/www/html/wp-content/themes/xpo/framework/lib/edgt.functions.php(894): include()
#1 /var/www/html/wp-content/themes/xpo/framework/lib/edgt.functions.php(913): xpo_edge_get_template_part('framework/modul...', 'standard', Array)
#2 /var/www/html/wp-content/themes/xpo/framework/modules/blog/blog-functions.php(136): xpo_edge_get_module_template_part('templates/lists...', 'blog', 'standard', Array)
#3 /var/www/html/wp-content/themes/xpo/framework/modules/blog/templates/lists/standard.php(4): xpo_edge_get_post_format_html('standard')
#4 /var/www/html/wp-content/themes/xpo/framework/lib/edgt.functions.php(894): include('/var/www/html/w...')
#5 /var/www/html/wp-content/themes/xpo/framework/lib/edgt.functions.php(913): xpo_edge_get_template_part('framework/modul...', '', Array)
#6 /var/www/html/wp-content/themes/xpo/fr

2020-10-09T15:03:02+00:00 CRITICAL /var/www/html/wp-content/themes/xpo/framework/modules/blog/templates/lists/post-formats/standard.php 中第 18 行的 Uncaught Error: Call to undefined function xpo_edge_get_social_share_html() in /var/www/html/wp-content/themes/xpo/framework/modules/blog/templates/lists/post-formats/standard.php:18
Stack trace:
#0 /var/www/html/wp-content/themes/xpo/framework/lib/edgt.functions.php(894): include()
#1 /var/www/html/wp-content/themes/xpo/framework/lib/edgt.functions.php(913): xpo_edge_get_template_part('framework/modul...', 'standard', Array)
#2 /var/www/html/wp-content/themes/xpo/framework/modules/blog/blog-functions.php(136): xpo_edge_get_module_template_part('templates/lists...', 'blog', 'standard', Array)
#3 /var/www/html/wp-content/themes/xpo/framework/modules/blog/templates/lists/standard.php(4): xpo_edge_get_post_format_html('standard')
#4 /var/www/html/wp-content/themes/xpo/framework/lib/edgt.functions.php(894): include('/var/www/html/w...')
#5 /var/www/html/wp-content/themes/xpo/framework/lib/edgt.functions.php(913): xpo_edge_get_template_part('framework/modul...', '', Array)
#6 /var/www/html/wp-content/themes/xpo/fr

2020-10-09T18:10:51+00:00 CRITICAL /var/www/html/wp-includes/class-wp-image-editor-imagick.php 中第 365 行的 Maximum execution time of 30 seconds exceeded

2020-10-09T18:11:32+00:00 CRITICAL /var/www/html/wp-includes/class-wp-image-editor-imagick.php 中第 365 行的 Maximum execution time of 30 seconds exceeded

