2020-10-30T02:58:32+00:00 INFO Webhook notification received: Event: payment_intent.succeeded. Payload: {
  "id": "evt_1HhnoxDcYTP1D35e5hX6reh3",
  "object": "event",
  "api_version": "2020-08-27",
  "created": 1604026711,
  "data": {
    "object": {
      "id": "pi_1HhnovDcYTP1D35e3dkvXFlK",
      "object": "payment_intent",
      "amount": 1000,
      "amount_capturable": 0,
      "amount_received": 1000,
      "application": "ca_FlDZ0ADcm2FlmNs1XeIhT8uXuwbRhtvc",
      "application_fee_amount": null,
      "canceled_at": null,
      "cancellation_reason": null,
      "capture_method": "automatic",
      "charges": {
        "object": "list",
        "data": [
          {
            "id": "ch_1HhnovDcYTP1D35e5kBGH8kX",
            "object": "charge",
            "amount": 1000,
            "amount_captured": 1000,
            "amount_refunded": 0,
            "application": "ca_FlDZ0ADcm2FlmNs1XeIhT8uXuwbRhtvc",
            "application_fee": null,
            "application_fee_amount": null,
            "balance_transaction": "txn_1HhnoxDcYTP1D35eVAAUDMPD",
            "billing_details": {
              "address": {
                "city": null,
                "country": null,
                "line1": null,
                "line2": null,
                "postal_code": null,
                "state": null
              },
              "email": null,
              "name": "ZHANG JINPENG",
              "phone": null
            },
            "calculated_statement_descriptor": "WWW.CCLIFEFL.ORG",
            "captured": true,
            "created": 1604026709,
            "currency": "usd",
            "customer": null,
            "description": null,
            "destination": null,
            "dispute": null,
            "disputed": false,
            "failure_code": null,
            "failure_message": null,
            "fraud_details": {
            },
            "invoice": null,
            "livemode": true,
            "metadata": {
              "form_name": "大会报名",
              "form_id": "292"
            },
            "on_behalf_of": null,
            "order": null,
            "outcome": {
              "network_status": "approved_by_network",
              "reason": null,
              "risk_level": "normal",
              "seller_message": "Payment complete.",
              "type": "authorized"
            },
            "paid": true,
            "payment_intent": "pi_1HhnovDcYTP1D35e3dkvXFlK",
            "payment_method": "pm_1HhnouDcYTP1D35eLiLApIcG",
            "payment_method_details": {
              "card": {
                "brand": "visa",
                "checks": {
                  "address_line1_check": null,
                  "address_postal_code_check": null,
                  "cvc_check": "pass"
                },
                "country": "CN",
                "exp_month": 12,
                "exp_year": 2024,
                "fingerprint": "N4nm17ZvKjfBTFGU",
                "funding": "credit",
                "installments": null,
                "last4": "5358",
                "network": "visa",
                "three_d_secure": null,
                "wallet": null
              },
              "type": "card"
            },
            "receipt_email": "jzhang023@students.sbts.edu",
            "receipt_number": "1039-1644",
            "receipt_url": "https://pay.stripe.com/receipts/acct_1HUCZvDcYTP1D35e/ch_1HhnovDcYTP1D35e5kBGH8kX/rcpt_IIOcMRJ9zLvTRgaRanB1OGR5cqvSPZ1",
            "refunded": false,
            "refunds": {
              "object": "list",
              "data": [

              ],
              "has_more": false,
              "total_count": 0,
              "url": "/v1/charges/ch_1HhnovDcYTP1D35e5kBGH8kX/refunds"
            },
            "review": null,
            "shipping": null,
            "source": null,
            "source_transfer": null,
            "statement_descriptor": null,
            "statement_descriptor_suffix": null,
            "status": "succeeded",
            "transfer_data": null,
            "transfer_group": null
          }
        ],
        "has_more": false,
        "total_count": 1,
        "url": "/v1/charges?payment_intent=pi_1HhnovDcYTP1D35e3dkvXFlK"
      },
      "client_secret": null,
      "confirmation_method": "automatic",
      "created": 1604026709,
      "currency": "usd",
      "customer": null,
      "description": null,
      "invoice": null,
      "last_payment_error": null,
      "livemode": true,
      "metadata": {
        "form_name": "大会报名",
        "form_id": "292"
      },
      "next_action": null,
      "on_behalf_of": null,
      "payment_method": "pm_1HhnouDcYTP1D35eLiLApIcG",
      "payment_method_options": {
        "card": {
          "installments": null,
          "network": null,
          "request_three_d_secure": "automatic"
        }
      },
      "payment_method_types": [
        "card"
      ],
      "receipt_email": "jzhang023@students.sbts.edu",
      "review": null,
      "setup_future_usage": null,
      "shipping": null,
      "source": null,
      "statement_descriptor": null,
      "statement_descriptor_suffix": null,
      "status": "succeeded",
      "transfer_data": null,
      "transfer_group": null
    }
  },
  "livemode": true,
  "pending_webhooks": 2,
  "request": {
    "id": "req_Qp8eyEsA3bpa9H",
    "idempotency_key": null
  },
  "type": "payment_intent.succeeded"
}
2020-10-30T02:58:32+00:00 ERROR Could not complete payment for payment_intent pi_1HhnovDcYTP1D35e3dkvXFlK. No order ID was found in your WordPress database.
2020-10-30T02:58:32+00:00 INFO Webhook notification received: Event: charge.succeeded. Payload: {
  "id": "evt_1HhnoxDcYTP1D35etcfvDepr",
  "object": "event",
  "api_version": "2020-08-27",
  "created": 1604026711,
  "data": {
    "object": {
      "id": "ch_1HhnovDcYTP1D35e5kBGH8kX",
      "object": "charge",
      "amount": 1000,
      "amount_captured": 1000,
      "amount_refunded": 0,
      "application": "ca_FlDZ0ADcm2FlmNs1XeIhT8uXuwbRhtvc",
      "application_fee": null,
      "application_fee_amount": null,
      "balance_transaction": "txn_1HhnoxDcYTP1D35eVAAUDMPD",
      "billing_details": {
        "address": {
          "city": null,
          "country": null,
          "line1": null,
          "line2": null,
          "postal_code": null,
          "state": null
        },
        "email": null,
        "name": "ZHANG JINPENG",
        "phone": null
      },
      "calculated_statement_descriptor": "WWW.CCLIFEFL.ORG",
      "captured": true,
      "created": 1604026709,
      "currency": "usd",
      "customer": null,
      "description": null,
      "destination": null,
      "dispute": null,
      "disputed": false,
      "failure_code": null,
      "failure_message": null,
      "fraud_details": {
      },
      "invoice": null,
      "livemode": true,
      "metadata": {
        "form_name": "大会报名",
        "form_id": "292"
      },
      "on_behalf_of": null,
      "order": null,
      "outcome": {
        "network_status": "approved_by_network",
        "reason": null,
        "risk_level": "normal",
        "seller_message": "Payment complete.",
        "type": "authorized"
      },
      "paid": true,
      "payment_intent": "pi_1HhnovDcYTP1D35e3dkvXFlK",
      "payment_method": "pm_1HhnouDcYTP1D35eLiLApIcG",
      "payment_method_details": {
        "card": {
          "brand": "visa",
          "checks": {
            "address_line1_check": null,
            "address_postal_code_check": null,
            "cvc_check": "pass"
          },
          "country": "CN",
          "exp_month": 12,
          "exp_year": 2024,
          "fingerprint": "N4nm17ZvKjfBTFGU",
          "funding": "credit",
          "installments": null,
          "last4": "5358",
          "network": "visa",
          "three_d_secure": null,
          "wallet": null
        },
        "type": "card"
      },
      "receipt_email": "jzhang023@students.sbts.edu",
      "receipt_number": "1039-1644",
      "receipt_url": "https://pay.stripe.com/receipts/acct_1HUCZvDcYTP1D35e/ch_1HhnovDcYTP1D35e5kBGH8kX/rcpt_IIOcMRJ9zLvTRgaRanB1OGR5cqvSPZ1",
      "refunded": false,
      "refunds": {
        "object": "list",
        "data": [

        ],
        "has_more": false,
        "total_count": 0,
        "url": "/v1/charges/ch_1HhnovDcYTP1D35e5kBGH8kX/refunds"
      },
      "review": null,
      "shipping": null,
      "source": null,
      "source_transfer": null,
      "statement_descriptor": null,
      "statement_descriptor_suffix": null,
      "status": "succeeded",
      "transfer_data": null,
      "transfer_group": null
    }
  },
  "livemode": true,
  "pending_webhooks": 2,
  "request": {
    "id": "req_Qp8eyEsA3bpa9H",
    "idempotency_key": null
  },
  "type": "charge.succeeded"
}
2020-10-30T06:32:53+00:00 INFO Webhook notification received: Event: charge.succeeded. Payload: {
  "id": "evt_1HhrAPDcYTP1D35egl6fkRSd",
  "object": "event",
  "api_version": "2020-08-27",
  "created": 1604039572,
  "data": {
    "object": {
      "id": "ch_1HhrANDcYTP1D35exo3fgUUD",
      "object": "charge",
      "amount": 2000,
      "amount_captured": 2000,
      "amount_refunded": 0,
      "application": "ca_FlDZ0ADcm2FlmNs1XeIhT8uXuwbRhtvc",
      "application_fee": null,
      "application_fee_amount": null,
      "balance_transaction": "txn_1HhrAODcYTP1D35e0r4FZjqP",
      "billing_details": {
        "address": {
          "city": null,
          "country": null,
          "line1": null,
          "line2": null,
          "postal_code": null,
          "state": null
        },
        "email": null,
        "name": "Zhijun Wang",
        "phone": null
      },
      "calculated_statement_descriptor": "WWW.CCLIFEFL.ORG",
      "captured": true,
      "created": 1604039571,
      "currency": "usd",
      "customer": null,
      "description": null,
      "destination": null,
      "dispute": null,
      "disputed": false,
      "failure_code": null,
      "failure_message": null,
      "fraud_details": {
      },
      "invoice": null,
      "livemode": true,
      "metadata": {
        "form_name": "大会报名",
        "form_id": "292"
      },
      "on_behalf_of": null,
      "order": null,
      "outcome": {
        "network_status": "approved_by_network",
        "reason": null,
        "risk_level": "normal",
        "seller_message": "Payment complete.",
        "type": "authorized"
      },
      "paid": true,
      "payment_intent": "pi_1HhrAMDcYTP1D35eBOe46RQF",
      "payment_method": "pm_1HhrALDcYTP1D35eZZMZ7nKQ",
      "payment_method_details": {
        "card": {
          "brand": "visa",
          "checks": {
            "address_line1_check": null,
            "address_postal_code_check": null,
            "cvc_check": "pass"
          },
          "country": "US",
          "exp_month": 1,
          "exp_year": 2025,
          "fingerprint": "h4lI7wFrcT63BANb",
          "funding": "credit",
          "installments": null,
          "last4": "9701",
          "network": "visa",
          "three_d_secure": null,
          "wallet": null
        },
        "type": "card"
      },
      "receipt_email": "cclife@gmail.com",
      "receipt_number": "1575-6487",
      "receipt_url": "https://pay.stripe.com/receipts/acct_1HUCZvDcYTP1D35e/ch_1HhrANDcYTP1D35exo3fgUUD/rcpt_IIS4gL9QIJSZr6EQirOxB7i0r8ep3cy",
      "refunded": false,
      "refunds": {
        "object": "list",
        "data": [

        ],
        "has_more": false,
        "total_count": 0,
        "url": "/v1/charges/ch_1HhrANDcYTP1D35exo3fgUUD/refunds"
      },
      "review": null,
      "shipping": null,
      "source": null,
      "source_transfer": null,
      "statement_descriptor": null,
      "statement_descriptor_suffix": null,
      "status": "succeeded",
      "transfer_data": null,
      "transfer_group": null
    }
  },
  "livemode": true,
  "pending_webhooks": 2,
  "request": {
    "id": "req_o6Am2yAosCpWOR",
    "idempotency_key": null
  },
  "type": "charge.succeeded"
}
2020-10-30T06:32:53+00:00 INFO Webhook notification received: Event: payment_intent.succeeded. Payload: {
  "id": "evt_1HhrAODcYTP1D35ehhrW9D2m",
  "object": "event",
  "api_version": "2020-08-27",
  "created": 1604039572,
  "data": {
    "object": {
      "id": "pi_1HhrAMDcYTP1D35eBOe46RQF",
      "object": "payment_intent",
      "amount": 2000,
      "amount_capturable": 0,
      "amount_received": 2000,
      "application": "ca_FlDZ0ADcm2FlmNs1XeIhT8uXuwbRhtvc",
      "application_fee_amount": null,
      "canceled_at": null,
      "cancellation_reason": null,
      "capture_method": "automatic",
      "charges": {
        "object": "list",
        "data": [
          {
            "id": "ch_1HhrANDcYTP1D35exo3fgUUD",
            "object": "charge",
            "amount": 2000,
            "amount_captured": 2000,
            "amount_refunded": 0,
            "application": "ca_FlDZ0ADcm2FlmNs1XeIhT8uXuwbRhtvc",
            "application_fee": null,
            "application_fee_amount": null,
            "balance_transaction": "txn_1HhrAODcYTP1D35e0r4FZjqP",
            "billing_details": {
              "address": {
                "city": null,
                "country": null,
                "line1": null,
                "line2": null,
                "postal_code": null,
                "state": null
              },
              "email": null,
              "name": "Zhijun Wang",
              "phone": null
            },
            "calculated_statement_descriptor": "WWW.CCLIFEFL.ORG",
            "captured": true,
            "created": 1604039571,
            "currency": "usd",
            "customer": null,
            "description": null,
            "destination": null,
            "dispute": null,
            "disputed": false,
            "failure_code": null,
            "failure_message": null,
            "fraud_details": {
            },
            "invoice": null,
            "livemode": true,
            "metadata": {
              "form_name": "大会报名",
              "form_id": "292"
            },
            "on_behalf_of": null,
            "order": null,
            "outcome": {
              "network_status": "approved_by_network",
              "reason": null,
              "risk_level": "normal",
              "seller_message": "Payment complete.",
              "type": "authorized"
            },
            "paid": true,
            "payment_intent": "pi_1HhrAMDcYTP1D35eBOe46RQF",
            "payment_method": "pm_1HhrALDcYTP1D35eZZMZ7nKQ",
            "payment_method_details": {
              "card": {
                "brand": "visa",
                "checks": {
                  "address_line1_check": null,
                  "address_postal_code_check": null,
                  "cvc_check": "pass"
                },
                "country": "US",
                "exp_month": 1,
                "exp_year": 2025,
                "fingerprint": "h4lI7wFrcT63BANb",
                "funding": "credit",
                "installments": null,
                "last4": "9701",
                "network": "visa",
                "three_d_secure": null,
                "wallet": null
              },
              "type": "card"
            },
            "receipt_email": "cclife@gmail.com",
            "receipt_number": "1575-6487",
            "receipt_url": "https://pay.stripe.com/receipts/acct_1HUCZvDcYTP1D35e/ch_1HhrANDcYTP1D35exo3fgUUD/rcpt_IIS4gL9QIJSZr6EQirOxB7i0r8ep3cy",
            "refunded": false,
            "refunds": {
              "object": "list",
              "data": [

              ],
              "has_more": false,
              "total_count": 0,
              "url": "/v1/charges/ch_1HhrANDcYTP1D35exo3fgUUD/refunds"
            },
            "review": null,
            "shipping": null,
            "source": null,
            "source_transfer": null,
            "statement_descriptor": null,
            "statement_descriptor_suffix": null,
            "status": "succeeded",
            "transfer_data": null,
            "transfer_group": null
          }
        ],
        "has_more": false,
        "total_count": 1,
        "url": "/v1/charges?payment_intent=pi_1HhrAMDcYTP1D35eBOe46RQF"
      },
      "client_secret": null,
      "confirmation_method": "automatic",
      "created": 1604039570,
      "currency": "usd",
      "customer": null,
      "description": null,
      "invoice": null,
      "last_payment_error": null,
      "livemode": true,
      "metadata": {
        "form_name": "大会报名",
        "form_id": "292"
      },
      "next_action": null,
      "on_behalf_of": null,
      "payment_method": "pm_1HhrALDcYTP1D35eZZMZ7nKQ",
      "payment_method_options": {
        "card": {
          "installments": null,
          "network": null,
          "request_three_d_secure": "automatic"
        }
      },
      "payment_method_types": [
        "card"
      ],
      "receipt_email": "cclife@gmail.com",
      "review": null,
      "setup_future_usage": null,
      "shipping": null,
      "source": null,
      "statement_descriptor": null,
      "statement_descriptor_suffix": null,
      "status": "succeeded",
      "transfer_data": null,
      "transfer_group": null
    }
  },
  "livemode": true,
  "pending_webhooks": 2,
  "request": {
    "id": "req_o6Am2yAosCpWOR",
    "idempotency_key": null
  },
  "type": "payment_intent.succeeded"
}
2020-10-30T06:32:53+00:00 ERROR Could not complete payment for payment_intent pi_1HhrAMDcYTP1D35eBOe46RQF. No order ID was found in your WordPress database.
2020-10-30T18:02:09+00:00 INFO Webhook notification received: Event: charge.succeeded. Payload: {
  "id": "evt_1Hi1vQDcYTP1D35eF1q56eMZ",
  "object": "event",
  "api_version": "2020-08-27",
  "created": 1604080928,
  "data": {
    "object": {
      "id": "ch_1Hi1vPDcYTP1D35e50swqt8b",
      "object": "charge",
      "amount": 1000,
      "amount_captured": 1000,
      "amount_refunded": 0,
      "application": "ca_FlDZ0ADcm2FlmNs1XeIhT8uXuwbRhtvc",
      "application_fee": null,
      "application_fee_amount": null,
      "balance_transaction": "txn_1Hi1vQDcYTP1D35exnk48ssl",
      "billing_details": {
        "address": {
          "city": null,
          "country": null,
          "line1": null,
          "line2": null,
          "postal_code": null,
          "state": null
        },
        "email": null,
        "name": "Tao Ji",
        "phone": null
      },
      "calculated_statement_descriptor": "WWW.CCLIFEFL.ORG",
      "captured": true,
      "created": 1604080927,
      "currency": "usd",
      "customer": null,
      "description": null,
      "destination": null,
      "dispute": null,
      "disputed": false,
      "failure_code": null,
      "failure_message": null,
      "fraud_details": {
      },
      "invoice": null,
      "livemode": true,
      "metadata": {
        "form_name": "大会报名",
        "form_id": "292"
      },
      "on_behalf_of": null,
      "order": null,
      "outcome": {
        "network_status": "approved_by_network",
        "reason": null,
        "risk_level": "normal",
        "seller_message": "Payment complete.",
        "type": "authorized"
      },
      "paid": true,
      "payment_intent": "pi_1Hi1vODcYTP1D35eGrey9gCa",
      "payment_method": "pm_1Hi1vNDcYTP1D35edlRMZIQN",
      "payment_method_details": {
        "card": {
          "brand": "visa",
          "checks": {
            "address_line1_check": null,
            "address_postal_code_check": null,
            "cvc_check": "pass"
          },
          "country": "US",
          "exp_month": 9,
          "exp_year": 2024,
          "fingerprint": "PTi7ansiefH1r0sG",
          "funding": "credit",
          "installments": null,
          "last4": "5096",
          "network": "visa",
          "three_d_secure": null,
          "wallet": null
        },
        "type": "card"
      },
      "receipt_email": "taoji119@gmail.com",
      "receipt_number": "1035-1807",
      "receipt_url": "https://pay.stripe.com/receipts/acct_1HUCZvDcYTP1D35e/ch_1Hi1vPDcYTP1D35e50swqt8b/rcpt_IIdBJYCKR5QTVKt5fS4LwtVPAOApgB5",
      "refunded": false,
      "refunds": {
        "object": "list",
        "data": [

        ],
        "has_more": false,
        "total_count": 0,
        "url": "/v1/charges/ch_1Hi1vPDcYTP1D35e50swqt8b/refunds"
      },
      "review": null,
      "shipping": null,
      "source": null,
      "source_transfer": null,
      "statement_descriptor": null,
      "statement_descriptor_suffix": null,
      "status": "succeeded",
      "transfer_data": null,
      "transfer_group": null
    }
  },
  "livemode": true,
  "pending_webhooks": 2,
  "request": {
    "id": "req_zJIV1SmCLnZ1BN",
    "idempotency_key": null
  },
  "type": "charge.succeeded"
}
2020-10-30T18:02:09+00:00 INFO Webhook notification received: Event: payment_intent.succeeded. Payload: {
  "id": "evt_1Hi1vQDcYTP1D35eTeUjAiEc",
  "object": "event",
  "api_version": "2020-08-27",
  "created": 1604080928,
  "data": {
    "object": {
      "id": "pi_1Hi1vODcYTP1D35eGrey9gCa",
      "object": "payment_intent",
      "amount": 1000,
      "amount_capturable": 0,
      "amount_received": 1000,
      "application": "ca_FlDZ0ADcm2FlmNs1XeIhT8uXuwbRhtvc",
      "application_fee_amount": null,
      "canceled_at": null,
      "cancellation_reason": null,
      "capture_method": "automatic",
      "charges": {
        "object": "list",
        "data": [
          {
            "id": "ch_1Hi1vPDcYTP1D35e50swqt8b",
            "object": "charge",
            "amount": 1000,
            "amount_captured": 1000,
            "amount_refunded": 0,
            "application": "ca_FlDZ0ADcm2FlmNs1XeIhT8uXuwbRhtvc",
            "application_fee": null,
            "application_fee_amount": null,
            "balance_transaction": "txn_1Hi1vQDcYTP1D35exnk48ssl",
            "billing_details": {
              "address": {
                "city": null,
                "country": null,
                "line1": null,
                "line2": null,
                "postal_code": null,
                "state": null
              },
              "email": null,
              "name": "Tao Ji",
              "phone": null
            },
            "calculated_statement_descriptor": "WWW.CCLIFEFL.ORG",
            "captured": true,
            "created": 1604080927,
            "currency": "usd",
            "customer": null,
            "description": null,
            "destination": null,
            "dispute": null,
            "disputed": false,
            "failure_code": null,
            "failure_message": null,
            "fraud_details": {
            },
            "invoice": null,
            "livemode": true,
            "metadata": {
              "form_name": "大会报名",
              "form_id": "292"
            },
            "on_behalf_of": null,
            "order": null,
            "outcome": {
              "network_status": "approved_by_network",
              "reason": null,
              "risk_level": "normal",
              "seller_message": "Payment complete.",
              "type": "authorized"
            },
            "paid": true,
            "payment_intent": "pi_1Hi1vODcYTP1D35eGrey9gCa",
            "payment_method": "pm_1Hi1vNDcYTP1D35edlRMZIQN",
            "payment_method_details": {
              "card": {
                "brand": "visa",
                "checks": {
                  "address_line1_check": null,
                  "address_postal_code_check": null,
                  "cvc_check": "pass"
                },
                "country": "US",
                "exp_month": 9,
                "exp_year": 2024,
                "fingerprint": "PTi7ansiefH1r0sG",
                "funding": "credit",
                "installments": null,
                "last4": "5096",
                "network": "visa",
                "three_d_secure": null,
                "wallet": null
              },
              "type": "card"
            },
            "receipt_email": "taoji119@gmail.com",
            "receipt_number": "1035-1807",
            "receipt_url": "https://pay.stripe.com/receipts/acct_1HUCZvDcYTP1D35e/ch_1Hi1vPDcYTP1D35e50swqt8b/rcpt_IIdBJYCKR5QTVKt5fS4LwtVPAOApgB5",
            "refunded": false,
            "refunds": {
              "object": "list",
              "data": [

              ],
              "has_more": false,
              "total_count": 0,
              "url": "/v1/charges/ch_1Hi1vPDcYTP1D35e50swqt8b/refunds"
            },
            "review": null,
            "shipping": null,
            "source": null,
            "source_transfer": null,
            "statement_descriptor": null,
            "statement_descriptor_suffix": null,
            "status": "succeeded",
            "transfer_data": null,
            "transfer_group": null
          }
        ],
        "has_more": false,
        "total_count": 1,
        "url": "/v1/charges?payment_intent=pi_1Hi1vODcYTP1D35eGrey9gCa"
      },
      "client_secret": null,
      "confirmation_method": "automatic",
      "created": 1604080926,
      "currency": "usd",
      "customer": null,
      "description": null,
      "invoice": null,
      "last_payment_error": null,
      "livemode": true,
      "metadata": {
        "form_name": "大会报名",
        "form_id": "292"
      },
      "next_action": null,
      "on_behalf_of": null,
      "payment_method": "pm_1Hi1vNDcYTP1D35edlRMZIQN",
      "payment_method_options": {
        "card": {
          "installments": null,
          "network": null,
          "request_three_d_secure": "automatic"
        }
      },
      "payment_method_types": [
        "card"
      ],
      "receipt_email": "taoji119@gmail.com",
      "review": null,
      "setup_future_usage": null,
      "shipping": null,
      "source": null,
      "statement_descriptor": null,
      "statement_descriptor_suffix": null,
      "status": "succeeded",
      "transfer_data": null,
      "transfer_group": null
    }
  },
  "livemode": true,
  "pending_webhooks": 2,
  "request": {
    "id": "req_zJIV1SmCLnZ1BN",
    "idempotency_key": null
  },
  "type": "payment_intent.succeeded"
}
2020-10-30T18:02:09+00:00 ERROR Could not complete payment for payment_intent pi_1Hi1vODcYTP1D35eGrey9gCa. No order ID was found in your WordPress database.
