2020-10-14T00:53:57+00:00 INFO Stripe charge: Stripe\Charge Object
(
    [id] => py_1HbyFcDcYTP1D35emLFM2klD
    [object] => charge
    [amount] => 2050
    [amount_captured] => 2050
    [amount_refunded] => 0
    [application] => ca_Gp4vLOJiqHJLZGxakHW7JdbBlcgWK8Up
    [application_fee] => 
    [application_fee_amount] => 
    [balance_transaction] => txn_1HbyFcDcYTP1D35eZAAKsIle
    [billing_details] => Stripe\StripeObject Object
        (
            [address] => Stripe\StripeObject Object
                (
                    [city] => 
                    [country] => 
                    [line1] => 
                    [line2] => 
                    [postal_code] => 
                    [state] => 
                )

            [email] => anderson916@gmail.com
            [name] => john zhang
            [phone] => 
        )

    [calculated_statement_descriptor] => 
    [captured] => 1
    [created] => 1602636836
    [currency] => usd
    [customer] => 
    [description] => Order 289 from 中国福音大会
    [destination] => 
    [dispute] => 
    [disputed] => 
    [failure_code] => 
    [failure_message] => 
    [fraud_details] => Array
        (
        )

    [invoice] => 
    [livemode] => 
    [metadata] => Stripe\StripeObject Object
        (
            [gateway_id] => stripe_alipay
            [order_id] => 289
            [user_id] => 1
            [customer_id] => cus_IA7yltTaJmx2le
            [ip_address] => 172.17.0.1
            [user_agent] => Mozilla/5.0 (Macintosh; Intel Mac OS X 10_15_6) AppleWebKit/537.36 (KHTML, like Gecko) Chrome/86.0.4240.75 Safari/537.36
            [partner] => PaymentPlugins
            [created] => 1602636836
            [product_10] => 2020中国福音网络大会报名费 x 1
            [product_287] => Donation x 1
        )

    [on_behalf_of] => 
    [order] => 
    [outcome] => Stripe\StripeObject Object
        (
            [network_status] => approved_by_network
            [reason] => 
            [risk_level] => not_assessed
            [seller_message] => Payment complete.
            [type] => authorized
        )

    [paid] => 1
    [payment_intent] => 
    [payment_method] => src_1HbyFPDcYTP1D35eXcBftghd
    [payment_method_details] => Stripe\StripeObject Object
        (
            [alipay] => Stripe\StripeObject Object
                (
                    [fingerprint] => 
                    [transaction_id] => 
                )

            [type] => alipay
        )

    [receipt_email] => 
    [receipt_number] => 
    [receipt_url] => https://pay.stripe.com/receipts/acct_1HUCZvDcYTP1D35e/py_1HbyFcDcYTP1D35emLFM2klD/rcpt_ICMzpa67mBVnFSKMMkwCij6W2FwMQl8
    [refunded] => 
    [refunds] => Stripe\Collection Object
        (
            [object] => list
            [data] => Array
                (
                )

            [has_more] => 
            [total_count] => 0
            [url] => /v1/charges/py_1HbyFcDcYTP1D35emLFM2klD/refunds
        )

    [review] => 
    [shipping] => Stripe\StripeObject Object
        (
            [address] => Stripe\StripeObject Object
                (
                    [city] => dd
                    [country] => US
                    [line1] => ddddd
                    [line2] => 
                    [postal_code] => 40207
                    [state] => IL
                )

            [carrier] => 
            [name] => john zhang
            [phone] => 
            [tracking_number] => 
        )

    [source] => Stripe\Source Object
        (
            [id] => src_1HbyFPDcYTP1D35eXcBftghd
            [object] => source
            [alipay] => Stripe\StripeObject Object
                (
                    [statement_descriptor] => 
                    [native_url] => 
                    [data_string] => 
                )

            [amount] => 2050
            [client_secret] => src_client_secret_tgtaKPU6UZVNhll1HF3YeRol
            [created] => 1602636836
            [currency] => usd
            [flow] => redirect
            [livemode] => 
            [metadata] => Stripe\StripeObject Object
                (
                    [order_id] => 289
                    [created] => 1602636823
                )

            [owner] => Stripe\StripeObject Object
                (
                    [address] => 
                    [email] => anderson916@gmail.com
                    [name] => john zhang
                    [phone] => 
                    [verified_address] => 
                    [verified_email] => 
                    [verified_name] => 
                    [verified_phone] => 
                )

            [redirect] => Stripe\StripeObject Object
                (
                    [failure_reason] => 
                    [return_url] => https://2020.gospel4china.org/?page_id=8&_payment_nonce=5e1482a70f&wc-stripe-local-gateway=stripe_alipay
                    [status] => succeeded
                    [url] => https://hooks.stripe.com/redirect/authenticate/src_1HbyFPDcYTP1D35eXcBftghd?client_secret=src_client_secret_tgtaKPU6UZVNhll1HF3YeRol
                )

            [statement_descriptor] => Order 289
            [status] => consumed
            [type] => alipay
            [usage] => single_use
        )

    [source_transfer] => 
    [statement_descriptor] => 
    [statement_descriptor_suffix] => 
    [status] => succeeded
    [transfer_data] => 
    [transfer_group] => 
)

